<?xml version="1.0" encoding="UTF-8"?>
<coverage generated="1768313663689" clover="3.2.0">
  <project timestamp="1768313663689" name="All files">
    <metrics statements="149" coveredstatements="134" conditionals="61" coveredconditionals="43" methods="59" coveredmethods="55" elements="269" coveredelements="232" complexity="0" loc="149" ncloc="149" packages="2" files="19" classes="19"/>
    <package name="components">
      <metrics statements="101" coveredstatements="94" conditionals="51" coveredconditionals="37" methods="42" coveredmethods="42"/>
      <file name="Body.tsx" path="C:\Users\shlok\OneDrive\Desktop\Namaste React\src\components\Body.tsx">
        <metrics statements="33" coveredstatements="30" conditionals="10" coveredconditionals="7" methods="11" coveredmethods="11"/>
        <line num="8" count="1" type="stmt"/>
        <line num="10" count="9" type="stmt"/>
        <line num="12" count="9" type="stmt"/>
        <line num="14" count="9" type="stmt"/>
        <line num="16" count="9" type="stmt"/>
        <line num="18" count="9" type="stmt"/>
        <line num="20" count="9" type="stmt"/>
        <line num="22" count="9" type="stmt"/>
        <line num="23" count="3" type="stmt"/>
        <line num="24" count="3" type="stmt"/>
        <line num="27" count="3" type="cond" truecount="1" falsecount="1"/>
        <line num="28" count="0" type="stmt"/>
        <line num="29" count="0" type="stmt"/>
        <line num="33" count="3" type="cond" truecount="1" falsecount="1"/>
        <line num="34" count="6" type="stmt"/>
        <line num="37" count="3" type="stmt"/>
        <line num="38" count="60" type="stmt"/>
        <line num="39" count="60" type="stmt"/>
        <line num="51" count="3" type="stmt"/>
        <line num="52" count="3" type="stmt"/>
        <line num="53" count="3" type="stmt"/>
        <line num="55" count="3" type="stmt"/>
        <line num="59" count="9" type="cond" truecount="1" falsecount="1"/>
        <line num="60" count="0" type="stmt"/>
        <line num="67" count="9" type="cond" truecount="2" falsecount="0"/>
        <line num="69" count="6" type="stmt"/>
        <line num="78" count="1" type="stmt"/>
        <line num="84" count="1" type="stmt"/>
        <line num="85" count="20" type="stmt"/>
        <line num="87" count="1" type="stmt"/>
        <line num="96" count="20" type="stmt"/>
        <line num="105" count="89" type="cond" truecount="2" falsecount="0"/>
        <line num="106" count="89" type="stmt"/>
      </file>
      <file name="Cart.tsx" path="C:\Users\shlok\OneDrive\Desktop\Namaste React\src\components\Cart.tsx">
        <metrics statements="6" coveredstatements="6" conditionals="2" coveredconditionals="2" methods="3" coveredmethods="3"/>
        <line num="6" count="1" type="stmt"/>
        <line num="7" count="4" type="stmt"/>
        <line num="9" count="2" type="stmt"/>
        <line num="11" count="2" type="stmt"/>
        <line num="13" count="1" type="stmt"/>
        <line num="16" count="2" type="stmt"/>
      </file>
      <file name="Contact.tsx" path="C:\Users\shlok\OneDrive\Desktop\Namaste React\src\components\Contact.tsx">
        <metrics statements="2" coveredstatements="2" conditionals="0" coveredconditionals="0" methods="1" coveredmethods="1"/>
        <line num="1" count="1" type="stmt"/>
        <line num="2" count="7" type="stmt"/>
      </file>
      <file name="Header.tsx" path="C:\Users\shlok\OneDrive\Desktop\Namaste React\src\components\Header.tsx">
        <metrics statements="12" coveredstatements="12" conditionals="12" coveredconditionals="8" methods="9" coveredmethods="9"/>
        <line num="6" count="2" type="stmt"/>
        <line num="7" count="8" type="stmt"/>
        <line num="12" count="8" type="stmt"/>
        <line num="16" count="15" type="stmt"/>
        <line num="18" count="8" type="stmt"/>
        <line num="36" count="9" type="cond" truecount="2" falsecount="0"/>
        <line num="46" count="9" type="cond" truecount="1" falsecount="1"/>
        <line num="57" count="9" type="cond" truecount="1" falsecount="1"/>
        <line num="68" count="9" type="cond" truecount="1" falsecount="1"/>
        <line num="79" count="9" type="cond" truecount="2" falsecount="0"/>
        <line num="94" count="1" type="stmt"/>
        <line num="95" count="1" type="cond" truecount="1" falsecount="1"/>
      </file>
      <file name="MenuItemsBody.tsx" path="C:\Users\shlok\OneDrive\Desktop\Namaste React\src\components\MenuItemsBody.tsx">
        <metrics statements="8" coveredstatements="8" conditionals="9" coveredconditionals="8" methods="4" coveredmethods="4"/>
        <line num="10" count="1" type="stmt"/>
        <line num="11" count="2" type="stmt"/>
        <line num="13" count="2" type="stmt"/>
        <line num="15" count="2" type="stmt"/>
        <line num="18" count="2" type="stmt"/>
        <line num="21" count="26" type="cond" truecount="2" falsecount="1"/>
        <line num="23" count="26" type="stmt"/>
        <line num="49" count="2" type="stmt"/>
      </file>
      <file name="MenuItemsCategory.tsx" path="C:\Users\shlok\OneDrive\Desktop\Namaste React\src\components\MenuItemsCategory.tsx">
        <metrics statements="2" coveredstatements="2" conditionals="2" coveredconditionals="2" methods="1" coveredmethods="1"/>
        <line num="11" count="1" type="stmt"/>
        <line num="16" count="24" type="stmt"/>
      </file>
      <file name="MenuItemsHeader.tsx" path="C:\Users\shlok\OneDrive\Desktop\Namaste React\src\components\MenuItemsHeader.tsx">
        <metrics statements="2" coveredstatements="2" conditionals="2" coveredconditionals="2" methods="1" coveredmethods="1"/>
        <line num="7" count="1" type="stmt"/>
        <line num="8" count="24" type="stmt"/>
      </file>
      <file name="RestaurantCard.tsx" path="C:\Users\shlok\OneDrive\Desktop\Namaste React\src\components\RestaurantCard.tsx">
        <metrics statements="6" coveredstatements="6" conditionals="2" coveredconditionals="1" methods="3" coveredmethods="3"/>
        <line num="5" count="2" type="stmt"/>
        <line num="6" count="91" type="cond" truecount="1" falsecount="1"/>
        <line num="10" count="91" type="stmt"/>
        <line num="36" count="2" type="stmt"/>
        <line num="37" count="10" type="stmt"/>
        <line num="38" count="41" type="stmt"/>
      </file>
      <file name="RestaurantMenu.tsx" path="C:\Users\shlok\OneDrive\Desktop\Namaste React\src\components\RestaurantMenu.tsx">
        <metrics statements="26" coveredstatements="22" conditionals="12" coveredconditionals="7" methods="7" coveredmethods="7"/>
        <line num="16" count="1" type="stmt"/>
        <line num="17" count="3" type="stmt"/>
        <line num="19" count="3" type="stmt"/>
        <line num="21" count="3" type="stmt"/>
        <line num="23" count="3" type="stmt"/>
        <line num="25" count="3" type="stmt"/>
        <line num="26" count="1" type="cond" truecount="1" falsecount="1"/>
        <line num="28" count="1" type="stmt"/>
        <line num="29" count="1" type="stmt"/>
        <line num="30" count="1" type="stmt"/>
        <line num="32" count="1" type="stmt"/>
        <line num="34" count="1" type="cond" truecount="1" falsecount="1"/>
        <line num="35" count="0" type="stmt"/>
        <line num="36" count="0" type="stmt"/>
        <line num="39" count="1" type="stmt"/>
        <line num="41" count="0" type="stmt"/>
        <line num="42" count="0" type="stmt"/>
        <line num="46" count="1" type="stmt"/>
        <line num="49" count="3" type="stmt"/>
        <line num="50" count="1" type="cond" truecount="1" falsecount="1"/>
        <line num="53" count="3" type="cond" truecount="1" falsecount="1"/>
        <line num="55" count="3" type="cond" truecount="2" falsecount="0"/>
        <line num="57" count="2" type="cond" truecount="1" falsecount="1"/>
        <line num="59" count="2" type="stmt"/>
        <line num="62" count="24" type="stmt"/>
        <line num="66" count="1" type="stmt"/>
      </file>
      <file name="Shimmer.tsx" path="C:\Users\shlok\OneDrive\Desktop\Namaste React\src\components\Shimmer.tsx">
        <metrics statements="2" coveredstatements="2" conditionals="0" coveredconditionals="0" methods="1" coveredmethods="1"/>
        <line num="1" count="2" type="stmt"/>
        <line num="2" count="4" type="stmt"/>
      </file>
      <file name="sum.tsx" path="C:\Users\shlok\OneDrive\Desktop\Namaste React\src\components\sum.tsx">
        <metrics statements="2" coveredstatements="2" conditionals="0" coveredconditionals="0" methods="1" coveredmethods="1"/>
        <line num="1" count="1" type="stmt"/>
        <line num="2" count="1" type="stmt"/>
      </file>
    </package>
    <package name="utils">
      <metrics statements="48" coveredstatements="40" conditionals="10" coveredconditionals="6" methods="17" coveredmethods="13"/>
      <file name="UserContext.tsx" path="C:\Users\shlok\OneDrive\Desktop\Namaste React\src\utils\UserContext.tsx">
        <metrics statements="1" coveredstatements="1" conditionals="0" coveredconditionals="0" methods="0" coveredmethods="0"/>
        <line num="2" count="2" type="stmt"/>
      </file>
      <file name="appStore.tsx" path="C:\Users\shlok\OneDrive\Desktop\Namaste React\src\utils\appStore.tsx">
        <metrics statements="1" coveredstatements="1" conditionals="0" coveredconditionals="0" methods="0" coveredmethods="0"/>
        <line num="4" count="2" type="stmt"/>
      </file>
      <file name="cartSlice.tsx" path="C:\Users\shlok\OneDrive\Desktop\Namaste React\src\utils\cartSlice.tsx">
        <metrics statements="7" coveredstatements="6" conditionals="0" coveredconditionals="0" methods="5" coveredmethods="3"/>
        <line num="7" count="2" type="stmt"/>
        <line num="11" count="2" type="stmt"/>
        <line num="18" count="2" type="stmt"/>
        <line num="21" count="0" type="stmt"/>
        <line num="27" count="1" type="stmt"/>
        <line num="32" count="2" type="stmt"/>
        <line num="34" count="2" type="stmt"/>
      </file>
      <file name="constants.tsx" path="C:\Users\shlok\OneDrive\Desktop\Namaste React\src\utils\constants.tsx">
        <metrics statements="1" coveredstatements="1" conditionals="0" coveredconditionals="0" methods="0" coveredmethods="0"/>
        <line num="2" count="3" type="stmt"/>
      </file>
      <file name="fetchMenuData.tsx" path="C:\Users\shlok\OneDrive\Desktop\Namaste React\src\utils\fetchMenuData.tsx">
        <metrics statements="8" coveredstatements="5" conditionals="2" coveredconditionals="1" methods="1" coveredmethods="1"/>
        <line num="1" count="1" type="stmt"/>
        <line num="2" count="1" type="stmt"/>
        <line num="3" count="1" type="stmt"/>
        <line num="8" count="1" type="cond" truecount="1" falsecount="1"/>
        <line num="9" count="0" type="stmt"/>
        <line num="12" count="1" type="stmt"/>
        <line num="14" count="0" type="stmt"/>
        <line num="15" count="0" type="stmt"/>
      </file>
      <file name="fetchRestaurant.tsx" path="C:\Users\shlok\OneDrive\Desktop\Namaste React\src\utils\fetchRestaurant.tsx">
        <metrics statements="6" coveredstatements="4" conditionals="0" coveredconditionals="0" methods="1" coveredmethods="1"/>
        <line num="1" count="1" type="stmt"/>
        <line num="2" count="3" type="stmt"/>
        <line num="3" count="3" type="stmt"/>
        <line num="6" count="3" type="stmt"/>
        <line num="8" count="0" type="stmt"/>
        <line num="9" count="0" type="stmt"/>
      </file>
      <file name="parseMenuResponse.ts" path="C:\Users\shlok\OneDrive\Desktop\Namaste React\src\utils\parseMenuResponse.ts">
        <metrics statements="16" coveredstatements="16" conditionals="8" coveredconditionals="5" methods="6" coveredmethods="6"/>
        <line num="3" count="1" type="stmt"/>
        <line num="4" count="1" type="stmt"/>
        <line num="6" count="1" type="stmt"/>
        <line num="7" count="5" type="stmt"/>
        <line num="11" count="1" type="stmt"/>
        <line num="13" count="1" type="cond" truecount="1" falsecount="1"/>
        <line num="15" count="1" type="stmt"/>
        <line num="16" count="16" type="stmt"/>
        <line num="18" count="12" type="stmt"/>
        <line num="20" count="12" type="stmt"/>
        <line num="23" count="12" type="cond" truecount="3" falsecount="1"/>
        <line num="25" count="18" type="stmt"/>
        <line num="28" count="12" type="stmt"/>
        <line num="29" count="114" type="cond" truecount="1" falsecount="1"/>
        <line num="33" count="114" type="stmt"/>
        <line num="43" count="12" type="stmt"/>
      </file>
      <file name="useOnlineStatus.tsx" path="C:\Users\shlok\OneDrive\Desktop\Namaste React\src\utils\useOnlineStatus.tsx">
        <metrics statements="8" coveredstatements="6" conditionals="0" coveredconditionals="0" methods="4" coveredmethods="2"/>
        <line num="3" count="1" type="stmt"/>
        <line num="4" count="9" type="stmt"/>
        <line num="7" count="9" type="stmt"/>
        <line num="8" count="3" type="stmt"/>
        <line num="9" count="0" type="stmt"/>
        <line num="11" count="3" type="stmt"/>
        <line num="12" count="0" type="stmt"/>
        <line num="17" count="9" type="stmt"/>
      </file>
    </package>
  </project>
</coverage>
