{"C:\\Users\\shlok\\OneDrive\\Desktop\\Namaste React\\src\\components\\Body.tsx": {"path":"C:\\Users\\shlok\\OneDrive\\Desktop\\Namaste React\\src\\components\\Body.tsx","statementMap":{"0":{"start":{"line":8,"column":13},"end":{"line":111,"column":1}},"1":{"start":{"line":10,"column":26},"end":{"line":10,"column":56}},"2":{"start":{"line":12,"column":32},"end":{"line":12,"column":62}},"3":{"start":{"line":14,"column":32},"end":{"line":14,"column":46}},"4":{"start":{"line":16,"column":38},"end":{"line":16,"column":50}},"5":{"start":{"line":18,"column":23},"end":{"line":18,"column":40}},"6":{"start":{"line":20,"column":33},"end":{"line":20,"column":66}},"7":{"start":{"line":22,"column":2},"end":{"line":56,"column":9}},"8":{"start":{"line":23,"column":22},"end":{"line":54,"column":5}},"9":{"start":{"line":24,"column":23},"end":{"line":24,"column":51}},"10":{"start":{"line":27,"column":6},"end":{"line":30,"column":7}},"11":{"start":{"line":28,"column":8},"end":{"line":28,"column":26}},"12":{"start":{"line":29,"column":8},"end":{"line":29,"column":15}},"13":{"start":{"line":33,"column":8},"end":{"line":35,"column":69}},"14":{"start":{"line":34,"column":22},"end":{"line":34,"column":77}},"15":{"start":{"line":37,"column":41},"end":{"line":50,"column":8}},"16":{"start":{"line":38,"column":21},"end":{"line":38,"column":30}},"17":{"start":{"line":39,"column":8},"end":{"line":49,"column":10}},"18":{"start":{"line":51,"column":6},"end":{"line":51,"column":24}},"19":{"start":{"line":52,"column":6},"end":{"line":52,"column":27}},"20":{"start":{"line":53,"column":6},"end":{"line":53,"column":24}},"21":{"start":{"line":55,"column":4},"end":{"line":55,"column":16}},"22":{"start":{"line":59,"column":2},"end":{"line":65,"column":3}},"23":{"start":{"line":60,"column":4},"end":{"line":64,"column":6}},"24":{"start":{"line":67,"column":2},"end":{"line":67,"column":34}},"25":{"start":{"line":67,"column":15},"end":{"line":67,"column":34}},"26":{"start":{"line":69,"column":2},"end":{"line":110,"column":4}},"27":{"start":{"line":78,"column":27},"end":{"line":78,"column":56}},"28":{"start":{"line":84,"column":33},"end":{"line":86,"column":13}},"29":{"start":{"line":85,"column":14},"end":{"line":85,"column":71}},"30":{"start":{"line":87,"column":12},"end":{"line":87,"column":34}},"31":{"start":{"line":96,"column":12},"end":{"line":96,"column":75}},"32":{"start":{"line":96,"column":44},"end":{"line":96,"column":72}},"33":{"start":{"line":105,"column":23},"end":{"line":105,"column":77}},"34":{"start":{"line":106,"column":10},"end":{"line":106,"column":56}}},"fnMap":{"0":{"name":"(anonymous_0)","decl":{"start":{"line":8,"column":13},"end":{"line":8,"column":14}},"loc":{"start":{"line":8,"column":19},"end":{"line":111,"column":1}},"line":8},"1":{"name":"(anonymous_1)","decl":{"start":{"line":22,"column":12},"end":{"line":22,"column":13}},"loc":{"start":{"line":22,"column":18},"end":{"line":56,"column":3}},"line":22},"2":{"name":"(anonymous_2)","decl":{"start":{"line":23,"column":22},"end":{"line":23,"column":23}},"loc":{"start":{"line":23,"column":34},"end":{"line":54,"column":5}},"line":23},"3":{"name":"(anonymous_3)","decl":{"start":{"line":34,"column":10},"end":{"line":34,"column":11}},"loc":{"start":{"line":34,"column":22},"end":{"line":34,"column":77}},"line":34},"4":{"name":"(anonymous_4)","decl":{"start":{"line":37,"column":53},"end":{"line":37,"column":54}},"loc":{"start":{"line":37,"column":68},"end":{"line":50,"column":7}},"line":37},"5":{"name":"(anonymous_5)","decl":{"start":{"line":78,"column":20},"end":{"line":78,"column":21}},"loc":{"start":{"line":78,"column":27},"end":{"line":78,"column":56}},"line":78},"6":{"name":"(anonymous_6)","decl":{"start":{"line":83,"column":19},"end":{"line":83,"column":20}},"loc":{"start":{"line":83,"column":25},"end":{"line":88,"column":11}},"line":83},"7":{"name":"(anonymous_7)","decl":{"start":{"line":84,"column":48},"end":{"line":84,"column":49}},"loc":{"start":{"line":85,"column":14},"end":{"line":85,"column":71}},"line":85},"8":{"name":"(anonymous_8)","decl":{"start":{"line":95,"column":19},"end":{"line":95,"column":20}},"loc":{"start":{"line":95,"column":25},"end":{"line":97,"column":11}},"line":95},"9":{"name":"(anonymous_9)","decl":{"start":{"line":96,"column":35},"end":{"line":96,"column":36}},"loc":{"start":{"line":96,"column":44},"end":{"line":96,"column":72}},"line":96},"10":{"name":"(anonymous_10)","decl":{"start":{"line":104,"column":18},"end":{"line":104,"column":19}},"loc":{"start":{"line":104,"column":27},"end":{"line":107,"column":9}},"line":104}},"branchMap":{"0":{"loc":{"start":{"line":27,"column":6},"end":{"line":30,"column":7}},"type":"if","locations":[{"start":{"line":27,"column":6},"end":{"line":30,"column":7}},{"start":{},"end":{}}],"line":27},"1":{"loc":{"start":{"line":33,"column":8},"end":{"line":35,"column":69}},"type":"binary-expr","locations":[{"start":{"line":33,"column":8},"end":{"line":35,"column":63}},{"start":{"line":35,"column":67},"end":{"line":35,"column":69}}],"line":33},"2":{"loc":{"start":{"line":59,"column":2},"end":{"line":65,"column":3}},"type":"if","locations":[{"start":{"line":59,"column":2},"end":{"line":65,"column":3}},{"start":{},"end":{}}],"line":59},"3":{"loc":{"start":{"line":67,"column":2},"end":{"line":67,"column":34}},"type":"if","locations":[{"start":{"line":67,"column":2},"end":{"line":67,"column":34}},{"start":{},"end":{}}],"line":67},"4":{"loc":{"start":{"line":105,"column":23},"end":{"line":105,"column":77}},"type":"cond-expr","locations":[{"start":{"line":105,"column":38},"end":{"line":105,"column":60}},{"start":{"line":105,"column":63},"end":{"line":105,"column":77}}],"line":105}},"s":{"0":1,"1":9,"2":9,"3":9,"4":9,"5":9,"6":9,"7":9,"8":3,"9":3,"10":3,"11":0,"12":0,"13":3,"14":6,"15":3,"16":60,"17":60,"18":3,"19":3,"20":3,"21":3,"22":9,"23":0,"24":9,"25":3,"26":6,"27":1,"28":1,"29":20,"30":1,"31":1,"32":20,"33":89,"34":89},"f":{"0":9,"1":3,"2":3,"3":6,"4":60,"5":1,"6":1,"7":20,"8":1,"9":20,"10":89},"b":{"0":[0,3],"1":[3,0],"2":[0,9],"3":[3,6],"4":[40,49]},"_coverageSchema":"1a1c01bbd47fc00a2c39e90264f33305004495a9","hash":"5a905b5ea030108d58bbaf84a86ead29c0bd4982"}
,"C:\\Users\\shlok\\OneDrive\\Desktop\\Namaste React\\src\\components\\Cart.tsx": {"path":"C:\\Users\\shlok\\OneDrive\\Desktop\\Namaste React\\src\\components\\Cart.tsx","statementMap":{"0":{"start":{"line":6,"column":13},"end":{"line":38,"column":1}},"1":{"start":{"line":7,"column":20},"end":{"line":7,"column":65}},"2":{"start":{"line":7,"column":48},"end":{"line":7,"column":64}},"3":{"start":{"line":9,"column":19},"end":{"line":9,"column":32}},"4":{"start":{"line":11,"column":26},"end":{"line":14,"column":3}},"5":{"start":{"line":13,"column":4},"end":{"line":13,"column":26}},"6":{"start":{"line":16,"column":2},"end":{"line":37,"column":4}}},"fnMap":{"0":{"name":"(anonymous_0)","decl":{"start":{"line":6,"column":13},"end":{"line":6,"column":14}},"loc":{"start":{"line":6,"column":19},"end":{"line":38,"column":1}},"line":6},"1":{"name":"(anonymous_1)","decl":{"start":{"line":7,"column":32},"end":{"line":7,"column":33}},"loc":{"start":{"line":7,"column":48},"end":{"line":7,"column":64}},"line":7},"2":{"name":"(anonymous_2)","decl":{"start":{"line":11,"column":26},"end":{"line":11,"column":27}},"loc":{"start":{"line":11,"column":32},"end":{"line":14,"column":3}},"line":11}},"branchMap":{"0":{"loc":{"start":{"line":28,"column":9},"end":{"line":34,"column":9}},"type":"cond-expr","locations":[{"start":{"line":29,"column":10},"end":{"line":31,"column":15}},{"start":{"line":33,"column":10},"end":{"line":33,"column":69}}],"line":28}},"s":{"0":1,"1":2,"2":4,"3":2,"4":2,"5":1,"6":2},"f":{"0":2,"1":4,"2":1},"b":{"0":[1,1]},"_coverageSchema":"1a1c01bbd47fc00a2c39e90264f33305004495a9","hash":"ce93c6f14b3f05a09993155c265a7d59803a8a8f"}
,"C:\\Users\\shlok\\OneDrive\\Desktop\\Namaste React\\src\\components\\Contact.tsx": {"path":"C:\\Users\\shlok\\OneDrive\\Desktop\\Namaste React\\src\\components\\Contact.tsx","statementMap":{"0":{"start":{"line":1,"column":16},"end":{"line":34,"column":1}},"1":{"start":{"line":2,"column":2},"end":{"line":33,"column":4}}},"fnMap":{"0":{"name":"(anonymous_0)","decl":{"start":{"line":1,"column":16},"end":{"line":1,"column":17}},"loc":{"start":{"line":1,"column":22},"end":{"line":34,"column":1}},"line":1}},"branchMap":{},"s":{"0":1,"1":7},"f":{"0":7},"b":{},"_coverageSchema":"1a1c01bbd47fc00a2c39e90264f33305004495a9","hash":"f68f944acbf594b7b5a2adb6b1a159aae33713f5"}
,"C:\\Users\\shlok\\OneDrive\\Desktop\\Namaste React\\src\\components\\Header.tsx": {"path":"C:\\Users\\shlok\\OneDrive\\Desktop\\Namaste React\\src\\components\\Header.tsx","statementMap":{"0":{"start":{"line":6,"column":15},"end":{"line":108,"column":1}},"1":{"start":{"line":7,"column":38},"end":{"line":7,"column":55}},"2":{"start":{"line":12,"column":15},"end":{"line":12,"column":38}},"3":{"start":{"line":16,"column":20},"end":{"line":16,"column":65}},"4":{"start":{"line":16,"column":48},"end":{"line":16,"column":64}},"5":{"start":{"line":18,"column":2},"end":{"line":107,"column":4}},"6":{"start":{"line":36,"column":16},"end":{"line":36,"column":57}},"7":{"start":{"line":46,"column":16},"end":{"line":46,"column":57}},"8":{"start":{"line":57,"column":16},"end":{"line":57,"column":57}},"9":{"start":{"line":68,"column":16},"end":{"line":68,"column":57}},"10":{"start":{"line":79,"column":16},"end":{"line":79,"column":57}},"11":{"start":{"line":94,"column":12},"end":{"line":96,"column":14}},"12":{"start":{"line":95,"column":14},"end":{"line":95,"column":65}}},"fnMap":{"0":{"name":"(anonymous_0)","decl":{"start":{"line":6,"column":15},"end":{"line":6,"column":16}},"loc":{"start":{"line":6,"column":21},"end":{"line":108,"column":1}},"line":6},"1":{"name":"(anonymous_1)","decl":{"start":{"line":16,"column":32},"end":{"line":16,"column":33}},"loc":{"start":{"line":16,"column":48},"end":{"line":16,"column":64}},"line":16},"2":{"name":"(anonymous_2)","decl":{"start":{"line":35,"column":25},"end":{"line":35,"column":26}},"loc":{"start":{"line":36,"column":16},"end":{"line":36,"column":57}},"line":36},"3":{"name":"(anonymous_3)","decl":{"start":{"line":45,"column":25},"end":{"line":45,"column":26}},"loc":{"start":{"line":46,"column":16},"end":{"line":46,"column":57}},"line":46},"4":{"name":"(anonymous_4)","decl":{"start":{"line":56,"column":25},"end":{"line":56,"column":26}},"loc":{"start":{"line":57,"column":16},"end":{"line":57,"column":57}},"line":57},"5":{"name":"(anonymous_5)","decl":{"start":{"line":67,"column":25},"end":{"line":67,"column":26}},"loc":{"start":{"line":68,"column":16},"end":{"line":68,"column":57}},"line":68},"6":{"name":"(anonymous_6)","decl":{"start":{"line":78,"column":25},"end":{"line":78,"column":26}},"loc":{"start":{"line":79,"column":16},"end":{"line":79,"column":57}},"line":79},"7":{"name":"(anonymous_7)","decl":{"start":{"line":93,"column":19},"end":{"line":93,"column":20}},"loc":{"start":{"line":94,"column":12},"end":{"line":96,"column":14}},"line":94},"8":{"name":"(anonymous_8)","decl":{"start":{"line":94,"column":26},"end":{"line":94,"column":27}},"loc":{"start":{"line":94,"column":42},"end":{"line":96,"column":13}},"line":94}},"branchMap":{"0":{"loc":{"start":{"line":36,"column":16},"end":{"line":36,"column":57}},"type":"cond-expr","locations":[{"start":{"line":36,"column":27},"end":{"line":36,"column":44}},{"start":{"line":36,"column":47},"end":{"line":36,"column":57}}],"line":36},"1":{"loc":{"start":{"line":46,"column":16},"end":{"line":46,"column":57}},"type":"cond-expr","locations":[{"start":{"line":46,"column":27},"end":{"line":46,"column":44}},{"start":{"line":46,"column":47},"end":{"line":46,"column":57}}],"line":46},"2":{"loc":{"start":{"line":57,"column":16},"end":{"line":57,"column":57}},"type":"cond-expr","locations":[{"start":{"line":57,"column":27},"end":{"line":57,"column":44}},{"start":{"line":57,"column":47},"end":{"line":57,"column":57}}],"line":57},"3":{"loc":{"start":{"line":68,"column":16},"end":{"line":68,"column":57}},"type":"cond-expr","locations":[{"start":{"line":68,"column":27},"end":{"line":68,"column":44}},{"start":{"line":68,"column":47},"end":{"line":68,"column":57}}],"line":68},"4":{"loc":{"start":{"line":79,"column":16},"end":{"line":79,"column":57}},"type":"cond-expr","locations":[{"start":{"line":79,"column":27},"end":{"line":79,"column":44}},{"start":{"line":79,"column":47},"end":{"line":79,"column":57}}],"line":79},"5":{"loc":{"start":{"line":95,"column":21},"end":{"line":95,"column":64}},"type":"cond-expr","locations":[{"start":{"line":95,"column":46},"end":{"line":95,"column":54}},{"start":{"line":95,"column":57},"end":{"line":95,"column":64}}],"line":95}},"s":{"0":2,"1":8,"2":8,"3":8,"4":15,"5":8,"6":9,"7":9,"8":9,"9":9,"10":9,"11":1,"12":1},"f":{"0":8,"1":15,"2":9,"3":9,"4":9,"5":9,"6":9,"7":1,"8":1},"b":{"0":[4,5],"1":[0,9],"2":[0,9],"3":[0,9],"4":[2,7],"5":[1,0]},"_coverageSchema":"1a1c01bbd47fc00a2c39e90264f33305004495a9","hash":"0fb6c055d7af1a5c2bb71ae06812815300cb8043"}
,"C:\\Users\\shlok\\OneDrive\\Desktop\\Namaste React\\src\\components\\MenuItemsBody.tsx": {"path":"C:\\Users\\shlok\\OneDrive\\Desktop\\Namaste React\\src\\components\\MenuItemsBody.tsx","statementMap":{"0":{"start":{"line":10,"column":22},"end":{"line":59,"column":1}},"1":{"start":{"line":11,"column":19},"end":{"line":11,"column":32}},"2":{"start":{"line":13,"column":30},"end":{"line":16,"column":3}},"3":{"start":{"line":15,"column":4},"end":{"line":15,"column":28}},"4":{"start":{"line":18,"column":2},"end":{"line":58,"column":4}},"5":{"start":{"line":21,"column":22},"end":{"line":21,"column":66}},"6":{"start":{"line":23,"column":8},"end":{"line":55,"column":10}},"7":{"start":{"line":49,"column":31},"end":{"line":49,"column":56}}},"fnMap":{"0":{"name":"(anonymous_0)","decl":{"start":{"line":10,"column":22},"end":{"line":10,"column":23}},"loc":{"start":{"line":10,"column":57},"end":{"line":59,"column":1}},"line":10},"1":{"name":"(anonymous_1)","decl":{"start":{"line":13,"column":30},"end":{"line":13,"column":31}},"loc":{"start":{"line":13,"column":50},"end":{"line":16,"column":3}},"line":13},"2":{"name":"(anonymous_2)","decl":{"start":{"line":20,"column":17},"end":{"line":20,"column":18}},"loc":{"start":{"line":20,"column":27},"end":{"line":56,"column":7}},"line":20},"3":{"name":"(anonymous_3)","decl":{"start":{"line":49,"column":25},"end":{"line":49,"column":26}},"loc":{"start":{"line":49,"column":31},"end":{"line":49,"column":56}},"line":49}},"branchMap":{"0":{"loc":{"start":{"line":21,"column":23},"end":{"line":21,"column":59}},"type":"binary-expr","locations":[{"start":{"line":21,"column":23},"end":{"line":21,"column":33}},{"start":{"line":21,"column":37},"end":{"line":21,"column":54}},{"start":{"line":21,"column":58},"end":{"line":21,"column":59}}],"line":21},"1":{"loc":{"start":{"line":31,"column":15},"end":{"line":33,"column":15}},"type":"binary-expr","locations":[{"start":{"line":31,"column":15},"end":{"line":31,"column":24}},{"start":{"line":32,"column":16},"end":{"line":32,"column":78}}],"line":31},"2":{"loc":{"start":{"line":35,"column":15},"end":{"line":37,"column":15}},"type":"binary-expr","locations":[{"start":{"line":35,"column":15},"end":{"line":35,"column":31}},{"start":{"line":36,"column":16},"end":{"line":36,"column":75}}],"line":35},"3":{"loc":{"start":{"line":40,"column":15},"end":{"line":46,"column":15}},"type":"binary-expr","locations":[{"start":{"line":40,"column":15},"end":{"line":40,"column":27}},{"start":{"line":41,"column":16},"end":{"line":45,"column":18}}],"line":40}},"s":{"0":1,"1":2,"2":2,"3":2,"4":2,"5":26,"6":26,"7":2},"f":{"0":2,"1":2,"2":26,"3":2},"b":{"0":[26,3,0],"1":[26,26],"2":[26,23],"3":[26,26]},"_coverageSchema":"1a1c01bbd47fc00a2c39e90264f33305004495a9","hash":"50539135712108a5555b94ea90031b468d4349f8"}
,"C:\\Users\\shlok\\OneDrive\\Desktop\\Namaste React\\src\\components\\MenuItemsCategory.tsx": {"path":"C:\\Users\\shlok\\OneDrive\\Desktop\\Namaste React\\src\\components\\MenuItemsCategory.tsx","statementMap":{"0":{"start":{"line":11,"column":26},"end":{"line":27,"column":1}},"1":{"start":{"line":16,"column":2},"end":{"line":26,"column":4}}},"fnMap":{"0":{"name":"(anonymous_0)","decl":{"start":{"line":11,"column":26},"end":{"line":11,"column":27}},"loc":{"start":{"line":15,"column":30},"end":{"line":27,"column":1}},"line":15}},"branchMap":{"0":{"loc":{"start":{"line":24,"column":7},"end":{"line":24,"column":57}},"type":"binary-expr","locations":[{"start":{"line":24,"column":7},"end":{"line":24,"column":13}},{"start":{"line":24,"column":17},"end":{"line":24,"column":57}}],"line":24}},"s":{"0":1,"1":24},"f":{"0":24},"b":{"0":[24,1]},"_coverageSchema":"1a1c01bbd47fc00a2c39e90264f33305004495a9","hash":"4a9b54bbea030ed17fc85232e39cbc3e78f80b92"}
,"C:\\Users\\shlok\\OneDrive\\Desktop\\Namaste React\\src\\components\\MenuItemsHeader.tsx": {"path":"C:\\Users\\shlok\\OneDrive\\Desktop\\Namaste React\\src\\components\\MenuItemsHeader.tsx","statementMap":{"0":{"start":{"line":7,"column":24},"end":{"line":17,"column":1}},"1":{"start":{"line":8,"column":2},"end":{"line":16,"column":4}}},"fnMap":{"0":{"name":"(anonymous_0)","decl":{"start":{"line":7,"column":24},"end":{"line":7,"column":25}},"loc":{"start":{"line":7,"column":79},"end":{"line":17,"column":1}},"line":7}},"branchMap":{"0":{"loc":{"start":{"line":14,"column":13},"end":{"line":14,"column":31}},"type":"cond-expr","locations":[{"start":{"line":14,"column":22},"end":{"line":14,"column":25}},{"start":{"line":14,"column":28},"end":{"line":14,"column":31}}],"line":14}},"s":{"0":1,"1":24},"f":{"0":24},"b":{"0":[1,23]},"_coverageSchema":"1a1c01bbd47fc00a2c39e90264f33305004495a9","hash":"477535539d7acf29f5292dbb020133ae5923e5cf"}
,"C:\\Users\\shlok\\OneDrive\\Desktop\\Namaste React\\src\\components\\RestaurantCard.tsx": {"path":"C:\\Users\\shlok\\OneDrive\\Desktop\\Namaste React\\src\\components\\RestaurantCard.tsx","statementMap":{"0":{"start":{"line":5,"column":23},"end":{"line":31,"column":1}},"1":{"start":{"line":6,"column":2},"end":{"line":6,"column":31}},"2":{"start":{"line":6,"column":19},"end":{"line":6,"column":31}},"3":{"start":{"line":10,"column":2},"end":{"line":30,"column":4}},"4":{"start":{"line":36,"column":33},"end":{"line":45,"column":1}},"5":{"start":{"line":37,"column":2},"end":{"line":44,"column":4}},"6":{"start":{"line":38,"column":4},"end":{"line":43,"column":6}}},"fnMap":{"0":{"name":"(anonymous_0)","decl":{"start":{"line":5,"column":23},"end":{"line":5,"column":24}},"loc":{"start":{"line":5,"column":75},"end":{"line":31,"column":1}},"line":5},"1":{"name":"(anonymous_1)","decl":{"start":{"line":36,"column":33},"end":{"line":36,"column":34}},"loc":{"start":{"line":36,"column":53},"end":{"line":45,"column":1}},"line":36},"2":{"name":"(anonymous_2)","decl":{"start":{"line":37,"column":9},"end":{"line":37,"column":10}},"loc":{"start":{"line":37,"column":25},"end":{"line":44,"column":3}},"line":37}},"branchMap":{"0":{"loc":{"start":{"line":6,"column":2},"end":{"line":6,"column":31}},"type":"if","locations":[{"start":{"line":6,"column":2},"end":{"line":6,"column":31}},{"start":{},"end":{}}],"line":6}},"s":{"0":2,"1":91,"2":0,"3":91,"4":2,"5":10,"6":41},"f":{"0":91,"1":10,"2":41},"b":{"0":[0,91]},"_coverageSchema":"1a1c01bbd47fc00a2c39e90264f33305004495a9","hash":"cf2923ed5158e4a83e07d1889cf282a6d25adbdb"}
,"C:\\Users\\shlok\\OneDrive\\Desktop\\Namaste React\\src\\components\\RestaurantMenu.tsx": {"path":"C:\\Users\\shlok\\OneDrive\\Desktop\\Namaste React\\src\\components\\RestaurantMenu.tsx","statementMap":{"0":{"start":{"line":16,"column":23},"end":{"line":71,"column":1}},"1":{"start":{"line":17,"column":20},"end":{"line":17,"column":50}},"2":{"start":{"line":19,"column":38},"end":{"line":19,"column":75}},"3":{"start":{"line":21,"column":36},"end":{"line":21,"column":65}},"4":{"start":{"line":23,"column":28},"end":{"line":23,"column":57}},"5":{"start":{"line":25,"column":2},"end":{"line":47,"column":14}},"6":{"start":{"line":26,"column":4},"end":{"line":26,"column":23}},"7":{"start":{"line":26,"column":16},"end":{"line":26,"column":23}},"8":{"start":{"line":28,"column":22},"end":{"line":44,"column":5}},"9":{"start":{"line":29,"column":6},"end":{"line":43,"column":7}},"10":{"start":{"line":30,"column":8},"end":{"line":30,"column":28}},"11":{"start":{"line":32,"column":21},"end":{"line":32,"column":47}},"12":{"start":{"line":34,"column":8},"end":{"line":37,"column":9}},"13":{"start":{"line":35,"column":10},"end":{"line":35,"column":28}},"14":{"start":{"line":36,"column":10},"end":{"line":36,"column":17}},"15":{"start":{"line":39,"column":8},"end":{"line":39,"column":49}},"16":{"start":{"line":41,"column":8},"end":{"line":41,"column":52}},"17":{"start":{"line":42,"column":8},"end":{"line":42,"column":59}},"18":{"start":{"line":46,"column":4},"end":{"line":46,"column":16}},"19":{"start":{"line":49,"column":23},"end":{"line":51,"column":3}},"20":{"start":{"line":50,"column":4},"end":{"line":50,"column":60}},"21":{"start":{"line":50,"column":28},"end":{"line":50,"column":57}},"22":{"start":{"line":53,"column":2},"end":{"line":53,"column":60}},"23":{"start":{"line":53,"column":13},"end":{"line":53,"column":60}},"24":{"start":{"line":55,"column":2},"end":{"line":55,"column":46}},"25":{"start":{"line":55,"column":27},"end":{"line":55,"column":46}},"26":{"start":{"line":57,"column":2},"end":{"line":57,"column":64}},"27":{"start":{"line":57,"column":31},"end":{"line":57,"column":64}},"28":{"start":{"line":59,"column":2},"end":{"line":70,"column":4}},"29":{"start":{"line":62,"column":8},"end":{"line":67,"column":10}},"30":{"start":{"line":66,"column":26},"end":{"line":66,"column":45}}},"fnMap":{"0":{"name":"(anonymous_0)","decl":{"start":{"line":16,"column":23},"end":{"line":16,"column":24}},"loc":{"start":{"line":16,"column":29},"end":{"line":71,"column":1}},"line":16},"1":{"name":"(anonymous_1)","decl":{"start":{"line":25,"column":12},"end":{"line":25,"column":13}},"loc":{"start":{"line":25,"column":18},"end":{"line":47,"column":3}},"line":25},"2":{"name":"(anonymous_2)","decl":{"start":{"line":28,"column":22},"end":{"line":28,"column":23}},"loc":{"start":{"line":28,"column":34},"end":{"line":44,"column":5}},"line":28},"3":{"name":"(anonymous_3)","decl":{"start":{"line":49,"column":23},"end":{"line":49,"column":24}},"loc":{"start":{"line":49,"column":42},"end":{"line":51,"column":3}},"line":49},"4":{"name":"(anonymous_4)","decl":{"start":{"line":50,"column":17},"end":{"line":50,"column":18}},"loc":{"start":{"line":50,"column":28},"end":{"line":50,"column":57}},"line":50},"5":{"name":"(anonymous_5)","decl":{"start":{"line":61,"column":22},"end":{"line":61,"column":23}},"loc":{"start":{"line":62,"column":8},"end":{"line":67,"column":10}},"line":62},"6":{"name":"(anonymous_6)","decl":{"start":{"line":66,"column":20},"end":{"line":66,"column":21}},"loc":{"start":{"line":66,"column":26},"end":{"line":66,"column":45}},"line":66}},"branchMap":{"0":{"loc":{"start":{"line":26,"column":4},"end":{"line":26,"column":23}},"type":"if","locations":[{"start":{"line":26,"column":4},"end":{"line":26,"column":23}},{"start":{},"end":{}}],"line":26},"1":{"loc":{"start":{"line":34,"column":8},"end":{"line":37,"column":9}},"type":"if","locations":[{"start":{"line":34,"column":8},"end":{"line":37,"column":9}},{"start":{},"end":{}}],"line":34},"2":{"loc":{"start":{"line":50,"column":28},"end":{"line":50,"column":57}},"type":"cond-expr","locations":[{"start":{"line":50,"column":45},"end":{"line":50,"column":49}},{"start":{"line":50,"column":52},"end":{"line":50,"column":57}}],"line":50},"3":{"loc":{"start":{"line":53,"column":2},"end":{"line":53,"column":60}},"type":"if","locations":[{"start":{"line":53,"column":2},"end":{"line":53,"column":60}},{"start":{},"end":{}}],"line":53},"4":{"loc":{"start":{"line":55,"column":2},"end":{"line":55,"column":46}},"type":"if","locations":[{"start":{"line":55,"column":2},"end":{"line":55,"column":46}},{"start":{},"end":{}}],"line":55},"5":{"loc":{"start":{"line":57,"column":2},"end":{"line":57,"column":64}},"type":"if","locations":[{"start":{"line":57,"column":2},"end":{"line":57,"column":64}},{"start":{},"end":{}}],"line":57}},"s":{"0":1,"1":3,"2":3,"3":3,"4":3,"5":3,"6":1,"7":0,"8":1,"9":1,"10":1,"11":1,"12":1,"13":0,"14":0,"15":1,"16":0,"17":0,"18":1,"19":3,"20":1,"21":1,"22":3,"23":0,"24":3,"25":1,"26":2,"27":0,"28":2,"29":24,"30":1},"f":{"0":3,"1":1,"2":1,"3":1,"4":1,"5":24,"6":1},"b":{"0":[0,1],"1":[0,1],"2":[0,1],"3":[0,3],"4":[1,2],"5":[0,2]},"_coverageSchema":"1a1c01bbd47fc00a2c39e90264f33305004495a9","hash":"b7e69ed69f32ca645f0af61238789ffc2d109323"}
,"C:\\Users\\shlok\\OneDrive\\Desktop\\Namaste React\\src\\components\\Shimmer.tsx": {"path":"C:\\Users\\shlok\\OneDrive\\Desktop\\Namaste React\\src\\components\\Shimmer.tsx","statementMap":{"0":{"start":{"line":1,"column":16},"end":{"line":14,"column":1}},"1":{"start":{"line":2,"column":2},"end":{"line":13,"column":4}}},"fnMap":{"0":{"name":"(anonymous_0)","decl":{"start":{"line":1,"column":16},"end":{"line":1,"column":17}},"loc":{"start":{"line":1,"column":22},"end":{"line":14,"column":1}},"line":1}},"branchMap":{},"s":{"0":2,"1":4},"f":{"0":4},"b":{},"_coverageSchema":"1a1c01bbd47fc00a2c39e90264f33305004495a9","hash":"30a3fb65b63c185fd3dd272704c026dffa4c8323"}
,"C:\\Users\\shlok\\OneDrive\\Desktop\\Namaste React\\src\\components\\sum.tsx": {"path":"C:\\Users\\shlok\\OneDrive\\Desktop\\Namaste React\\src\\components\\sum.tsx","statementMap":{"0":{"start":{"line":1,"column":19},"end":{"line":3,"column":1}},"1":{"start":{"line":2,"column":2},"end":{"line":2,"column":15}}},"fnMap":{"0":{"name":"(anonymous_0)","decl":{"start":{"line":1,"column":19},"end":{"line":1,"column":20}},"loc":{"start":{"line":1,"column":45},"end":{"line":3,"column":1}},"line":1}},"branchMap":{},"s":{"0":1,"1":1},"f":{"0":1},"b":{},"_coverageSchema":"1a1c01bbd47fc00a2c39e90264f33305004495a9","hash":"af3a9ffcd29f2ed5707ad797da6f46f621a1993b"}
,"C:\\Users\\shlok\\OneDrive\\Desktop\\Namaste React\\src\\utils\\UserContext.tsx": {"path":"C:\\Users\\shlok\\OneDrive\\Desktop\\Namaste React\\src\\utils\\UserContext.tsx","statementMap":{"0":{"start":{"line":2,"column":20},"end":{"line":4,"column":2}}},"fnMap":{},"branchMap":{},"s":{"0":2},"f":{},"b":{},"_coverageSchema":"1a1c01bbd47fc00a2c39e90264f33305004495a9","hash":"ed24c495218d6e3dd33904b78dac97c45b04a327"}
,"C:\\Users\\shlok\\OneDrive\\Desktop\\Namaste React\\src\\utils\\appStore.tsx": {"path":"C:\\Users\\shlok\\OneDrive\\Desktop\\Namaste React\\src\\utils\\appStore.tsx","statementMap":{"0":{"start":{"line":4,"column":17},"end":{"line":8,"column":2}}},"fnMap":{},"branchMap":{},"s":{"0":2},"f":{},"b":{},"_coverageSchema":"1a1c01bbd47fc00a2c39e90264f33305004495a9","hash":"54cead35d16c4e2d3431a1955abe23e05cdb664a"}
,"C:\\Users\\shlok\\OneDrive\\Desktop\\Namaste React\\src\\utils\\cartSlice.tsx": {"path":"C:\\Users\\shlok\\OneDrive\\Desktop\\Namaste React\\src\\utils\\cartSlice.tsx","statementMap":{"0":{"start":{"line":7,"column":32},"end":{"line":9,"column":1}},"1":{"start":{"line":11,"column":18},"end":{"line":30,"column":2}},"2":{"start":{"line":18,"column":6},"end":{"line":18,"column":39}},"3":{"start":{"line":21,"column":6},"end":{"line":21,"column":79}},"4":{"start":{"line":21,"column":53},"end":{"line":21,"column":77}},"5":{"start":{"line":27,"column":6},"end":{"line":27,"column":23}},"6":{"start":{"line":32,"column":50},"end":{"line":32,"column":67}},"7":{"start":{"line":34,"column":32},"end":{"line":34,"column":71}},"8":{"start":{"line":34,"column":48},"end":{"line":34,"column":71}}},"fnMap":{"0":{"name":"(anonymous_0)","decl":{"start":{"line":15,"column":13},"end":{"line":15,"column":14}},"loc":{"start":{"line":15,"column":52},"end":{"line":19,"column":5}},"line":15},"1":{"name":"(anonymous_1)","decl":{"start":{"line":20,"column":16},"end":{"line":20,"column":17}},"loc":{"start":{"line":20,"column":58},"end":{"line":22,"column":5}},"line":20},"2":{"name":"(anonymous_2)","decl":{"start":{"line":21,"column":39},"end":{"line":21,"column":40}},"loc":{"start":{"line":21,"column":53},"end":{"line":21,"column":77}},"line":21},"3":{"name":"(anonymous_3)","decl":{"start":{"line":23,"column":15},"end":{"line":23,"column":16}},"loc":{"start":{"line":23,"column":26},"end":{"line":28,"column":5}},"line":23},"4":{"name":"(anonymous_4)","decl":{"start":{"line":34,"column":32},"end":{"line":34,"column":33}},"loc":{"start":{"line":34,"column":48},"end":{"line":34,"column":71}},"line":34}},"branchMap":{},"s":{"0":2,"1":2,"2":2,"3":0,"4":0,"5":1,"6":2,"7":2,"8":2},"f":{"0":2,"1":0,"2":0,"3":1,"4":2},"b":{},"_coverageSchema":"1a1c01bbd47fc00a2c39e90264f33305004495a9","hash":"03f16964830ae196b23f8215c2f456e3aab68816"}
,"C:\\Users\\shlok\\OneDrive\\Desktop\\Namaste React\\src\\utils\\constants.tsx": {"path":"C:\\Users\\shlok\\OneDrive\\Desktop\\Namaste React\\src\\utils\\constants.tsx","statementMap":{"0":{"start":{"line":2,"column":2},"end":{"line":2,"column":85}}},"fnMap":{},"branchMap":{},"s":{"0":3},"f":{},"b":{},"_coverageSchema":"1a1c01bbd47fc00a2c39e90264f33305004495a9","hash":"e7ffec98af1fa526b846eab44349329a421e9201"}
,"C:\\Users\\shlok\\OneDrive\\Desktop\\Namaste React\\src\\utils\\fetchMenuData.tsx": {"path":"C:\\Users\\shlok\\OneDrive\\Desktop\\Namaste React\\src\\utils\\fetchMenuData.tsx","statementMap":{"0":{"start":{"line":1,"column":29},"end":{"line":17,"column":1}},"1":{"start":{"line":2,"column":2},"end":{"line":16,"column":3}},"2":{"start":{"line":3,"column":21},"end":{"line":6,"column":5}},"3":{"start":{"line":8,"column":4},"end":{"line":10,"column":5}},"4":{"start":{"line":9,"column":6},"end":{"line":9,"column":46}},"5":{"start":{"line":12,"column":4},"end":{"line":12,"column":33}},"6":{"start":{"line":14,"column":4},"end":{"line":14,"column":54}},"7":{"start":{"line":15,"column":4},"end":{"line":15,"column":16}}},"fnMap":{"0":{"name":"(anonymous_0)","decl":{"start":{"line":1,"column":29},"end":{"line":1,"column":30}},"loc":{"start":{"line":1,"column":54},"end":{"line":17,"column":1}},"line":1}},"branchMap":{"0":{"loc":{"start":{"line":8,"column":4},"end":{"line":10,"column":5}},"type":"if","locations":[{"start":{"line":8,"column":4},"end":{"line":10,"column":5}},{"start":{},"end":{}}],"line":8}},"s":{"0":1,"1":1,"2":1,"3":1,"4":0,"5":1,"6":0,"7":0},"f":{"0":1},"b":{"0":[0,1]},"_coverageSchema":"1a1c01bbd47fc00a2c39e90264f33305004495a9","hash":"8953156d9714c8295ac884574a9ab0755b8a4198"}
,"C:\\Users\\shlok\\OneDrive\\Desktop\\Namaste React\\src\\utils\\fetchRestaurant.tsx": {"path":"C:\\Users\\shlok\\OneDrive\\Desktop\\Namaste React\\src\\utils\\fetchRestaurant.tsx","statementMap":{"0":{"start":{"line":1,"column":36},"end":{"line":11,"column":1}},"1":{"start":{"line":2,"column":2},"end":{"line":10,"column":3}},"2":{"start":{"line":3,"column":17},"end":{"line":5,"column":5}},"3":{"start":{"line":6,"column":4},"end":{"line":6,"column":29}},"4":{"start":{"line":8,"column":4},"end":{"line":8,"column":60}},"5":{"start":{"line":9,"column":4},"end":{"line":9,"column":16}}},"fnMap":{"0":{"name":"(anonymous_0)","decl":{"start":{"line":1,"column":36},"end":{"line":1,"column":37}},"loc":{"start":{"line":1,"column":48},"end":{"line":11,"column":1}},"line":1}},"branchMap":{},"s":{"0":1,"1":3,"2":3,"3":3,"4":0,"5":0},"f":{"0":3},"b":{},"_coverageSchema":"1a1c01bbd47fc00a2c39e90264f33305004495a9","hash":"06cb27c3c8e6fb694f0db9371406c67d695501d7"}
,"C:\\Users\\shlok\\OneDrive\\Desktop\\Namaste React\\src\\utils\\parseMenuResponse.ts": {"path":"C:\\Users\\shlok\\OneDrive\\Desktop\\Namaste React\\src\\utils\\parseMenuResponse.ts","statementMap":{"0":{"start":{"line":3,"column":28},"end":{"line":45,"column":1}},"1":{"start":{"line":4,"column":16},"end":{"line":4,"column":33}},"2":{"start":{"line":6,"column":31},"end":{"line":8,"column":3}},"3":{"start":{"line":7,"column":16},"end":{"line":7,"column":60}},"4":{"start":{"line":11,"column":4},"end":{"line":11,"column":67}},"5":{"start":{"line":13,"column":2},"end":{"line":13,"column":31}},"6":{"start":{"line":13,"column":21},"end":{"line":13,"column":31}},"7":{"start":{"line":15,"column":2},"end":{"line":44,"column":7}},"8":{"start":{"line":16,"column":24},"end":{"line":16,"column":74}},"9":{"start":{"line":18,"column":19},"end":{"line":18,"column":30}},"10":{"start":{"line":20,"column":6},"end":{"line":20,"column":41}},"11":{"start":{"line":23,"column":8},"end":{"line":26,"column":10}},"12":{"start":{"line":25,"column":47},"end":{"line":25,"column":61}},"13":{"start":{"line":28,"column":20},"end":{"line":41,"column":8}},"14":{"start":{"line":29,"column":21},"end":{"line":29,"column":39}},"15":{"start":{"line":33,"column":8},"end":{"line":40,"column":10}},"16":{"start":{"line":43,"column":6},"end":{"line":43,"column":42}}},"fnMap":{"0":{"name":"(anonymous_0)","decl":{"start":{"line":3,"column":28},"end":{"line":3,"column":29}},"loc":{"start":{"line":3,"column":59},"end":{"line":45,"column":1}},"line":3},"1":{"name":"(anonymous_1)","decl":{"start":{"line":7,"column":4},"end":{"line":7,"column":5}},"loc":{"start":{"line":7,"column":16},"end":{"line":7,"column":60}},"line":7},"2":{"name":"(anonymous_2)","decl":{"start":{"line":16,"column":12},"end":{"line":16,"column":13}},"loc":{"start":{"line":16,"column":24},"end":{"line":16,"column":74}},"line":16},"3":{"name":"(anonymous_3)","decl":{"start":{"line":17,"column":9},"end":{"line":17,"column":10}},"loc":{"start":{"line":17,"column":21},"end":{"line":44,"column":5}},"line":17},"4":{"name":"(anonymous_4)","decl":{"start":{"line":25,"column":33},"end":{"line":25,"column":34}},"loc":{"start":{"line":25,"column":47},"end":{"line":25,"column":61}},"line":25},"5":{"name":"(anonymous_5)","decl":{"start":{"line":28,"column":33},"end":{"line":28,"column":34}},"loc":{"start":{"line":28,"column":45},"end":{"line":41,"column":7}},"line":28}},"branchMap":{"0":{"loc":{"start":{"line":13,"column":2},"end":{"line":13,"column":31}},"type":"if","locations":[{"start":{"line":13,"column":2},"end":{"line":13,"column":31}},{"start":{},"end":{}}],"line":13},"1":{"loc":{"start":{"line":23,"column":8},"end":{"line":26,"column":10}},"type":"binary-expr","locations":[{"start":{"line":23,"column":8},"end":{"line":23,"column":18}},{"start":{"line":24,"column":8},"end":{"line":24,"column":22}},{"start":{"line":25,"column":8},"end":{"line":25,"column":62}},{"start":{"line":26,"column":8},"end":{"line":26,"column":10}}],"line":23},"2":{"loc":{"start":{"line":29,"column":21},"end":{"line":29,"column":39}},"type":"binary-expr","locations":[{"start":{"line":29,"column":21},"end":{"line":29,"column":34}},{"start":{"line":29,"column":38},"end":{"line":29,"column":39}}],"line":29}},"s":{"0":1,"1":1,"2":1,"3":5,"4":1,"5":1,"6":0,"7":1,"8":16,"9":12,"10":12,"11":12,"12":18,"13":12,"14":114,"15":114,"16":12},"f":{"0":1,"1":5,"2":16,"3":12,"4":18,"5":114},"b":{"0":[0,1],"1":[12,12,7,0],"2":[114,0]},"_coverageSchema":"1a1c01bbd47fc00a2c39e90264f33305004495a9","hash":"45e39659f7d2e88416ce790b2165fa540ce4d263"}
,"C:\\Users\\shlok\\OneDrive\\Desktop\\Namaste React\\src\\utils\\useOnlineStatus.tsx": {"path":"C:\\Users\\shlok\\OneDrive\\Desktop\\Namaste React\\src\\utils\\useOnlineStatus.tsx","statementMap":{"0":{"start":{"line":3,"column":24},"end":{"line":18,"column":1}},"1":{"start":{"line":4,"column":42},"end":{"line":4,"column":56}},"2":{"start":{"line":7,"column":2},"end":{"line":14,"column":9}},"3":{"start":{"line":8,"column":4},"end":{"line":10,"column":7}},"4":{"start":{"line":9,"column":6},"end":{"line":9,"column":29}},"5":{"start":{"line":11,"column":4},"end":{"line":13,"column":7}},"6":{"start":{"line":12,"column":6},"end":{"line":12,"column":28}},"7":{"start":{"line":17,"column":2},"end":{"line":17,"column":22}}},"fnMap":{"0":{"name":"(anonymous_0)","decl":{"start":{"line":3,"column":24},"end":{"line":3,"column":25}},"loc":{"start":{"line":3,"column":30},"end":{"line":18,"column":1}},"line":3},"1":{"name":"(anonymous_1)","decl":{"start":{"line":7,"column":12},"end":{"line":7,"column":13}},"loc":{"start":{"line":7,"column":18},"end":{"line":14,"column":3}},"line":7},"2":{"name":"(anonymous_2)","decl":{"start":{"line":8,"column":39},"end":{"line":8,"column":40}},"loc":{"start":{"line":8,"column":45},"end":{"line":10,"column":5}},"line":8},"3":{"name":"(anonymous_3)","decl":{"start":{"line":11,"column":38},"end":{"line":11,"column":39}},"loc":{"start":{"line":11,"column":44},"end":{"line":13,"column":5}},"line":11}},"branchMap":{},"s":{"0":1,"1":9,"2":9,"3":3,"4":0,"5":3,"6":0,"7":9},"f":{"0":9,"1":3,"2":0,"3":0},"b":{},"_coverageSchema":"1a1c01bbd47fc00a2c39e90264f33305004495a9","hash":"9970692c6cad38c87b4dd8496bb3406800f7d47e"}
}
