TN:
SF:src\components\Body.tsx
FN:8,(anonymous_0)
FN:22,(anonymous_1)
FN:23,(anonymous_2)
FN:34,(anonymous_3)
FN:37,(anonymous_4)
FN:78,(anonymous_5)
FN:83,(anonymous_6)
FN:84,(anonymous_7)
FN:95,(anonymous_8)
FN:96,(anonymous_9)
FN:104,(anonymous_10)
FNF:11
FNH:11
FNDA:9,(anonymous_0)
FNDA:3,(anonymous_1)
FNDA:3,(anonymous_2)
FNDA:6,(anonymous_3)
FNDA:60,(anonymous_4)
FNDA:1,(anonymous_5)
FNDA:1,(anonymous_6)
FNDA:20,(anonymous_7)
FNDA:1,(anonymous_8)
FNDA:20,(anonymous_9)
FNDA:89,(anonymous_10)
DA:8,1
DA:10,9
DA:12,9
DA:14,9
DA:16,9
DA:18,9
DA:20,9
DA:22,9
DA:23,3
DA:24,3
DA:27,3
DA:28,0
DA:29,0
DA:33,3
DA:34,6
DA:37,3
DA:38,60
DA:39,60
DA:51,3
DA:52,3
DA:53,3
DA:55,3
DA:59,9
DA:60,0
DA:67,9
DA:69,6
DA:78,1
DA:84,1
DA:85,20
DA:87,1
DA:96,20
DA:105,89
DA:106,89
LF:33
LH:30
BRDA:27,0,0,0
BRDA:27,0,1,3
BRDA:33,1,0,3
BRDA:33,1,1,0
BRDA:59,2,0,0
BRDA:59,2,1,9
BRDA:67,3,0,3
BRDA:67,3,1,6
BRDA:105,4,0,40
BRDA:105,4,1,49
BRF:10
BRH:7
end_of_record
TN:
SF:src\components\Cart.tsx
FN:6,(anonymous_0)
FN:7,(anonymous_1)
FN:11,(anonymous_2)
FNF:3
FNH:3
FNDA:2,(anonymous_0)
FNDA:4,(anonymous_1)
FNDA:1,(anonymous_2)
DA:6,1
DA:7,4
DA:9,2
DA:11,2
DA:13,1
DA:16,2
LF:6
LH:6
BRDA:28,0,0,1
BRDA:28,0,1,1
BRF:2
BRH:2
end_of_record
TN:
SF:src\components\Contact.tsx
FN:1,(anonymous_0)
FNF:1
FNH:1
FNDA:7,(anonymous_0)
DA:1,1
DA:2,7
LF:2
LH:2
BRF:0
BRH:0
end_of_record
TN:
SF:src\components\Header.tsx
FN:6,(anonymous_0)
FN:16,(anonymous_1)
FN:35,(anonymous_2)
FN:45,(anonymous_3)
FN:56,(anonymous_4)
FN:67,(anonymous_5)
FN:78,(anonymous_6)
FN:93,(anonymous_7)
FN:94,(anonymous_8)
FNF:9
FNH:9
FNDA:8,(anonymous_0)
FNDA:15,(anonymous_1)
FNDA:9,(anonymous_2)
FNDA:9,(anonymous_3)
FNDA:9,(anonymous_4)
FNDA:9,(anonymous_5)
FNDA:9,(anonymous_6)
FNDA:1,(anonymous_7)
FNDA:1,(anonymous_8)
DA:6,2
DA:7,8
DA:12,8
DA:16,15
DA:18,8
DA:36,9
DA:46,9
DA:57,9
DA:68,9
DA:79,9
DA:94,1
DA:95,1
LF:12
LH:12
BRDA:36,0,0,4
BRDA:36,0,1,5
BRDA:46,1,0,0
BRDA:46,1,1,9
BRDA:57,2,0,0
BRDA:57,2,1,9
BRDA:68,3,0,0
BRDA:68,3,1,9
BRDA:79,4,0,2
BRDA:79,4,1,7
BRDA:95,5,0,1
BRDA:95,5,1,0
BRF:12
BRH:8
end_of_record
TN:
SF:src\components\MenuItemsBody.tsx
FN:10,(anonymous_0)
FN:13,(anonymous_1)
FN:20,(anonymous_2)
FN:49,(anonymous_3)
FNF:4
FNH:4
FNDA:2,(anonymous_0)
FNDA:2,(anonymous_1)
FNDA:26,(anonymous_2)
FNDA:2,(anonymous_3)
DA:10,1
DA:11,2
DA:13,2
DA:15,2
DA:18,2
DA:21,26
DA:23,26
DA:49,2
LF:8
LH:8
BRDA:21,0,0,26
BRDA:21,0,1,3
BRDA:21,0,2,0
BRDA:31,1,0,26
BRDA:31,1,1,26
BRDA:35,2,0,26
BRDA:35,2,1,23
BRDA:40,3,0,26
BRDA:40,3,1,26
BRF:9
BRH:8
end_of_record
TN:
SF:src\components\MenuItemsCategory.tsx
FN:11,(anonymous_0)
FNF:1
FNH:1
FNDA:24,(anonymous_0)
DA:11,1
DA:16,24
LF:2
LH:2
BRDA:24,0,0,24
BRDA:24,0,1,1
BRF:2
BRH:2
end_of_record
TN:
SF:src\components\MenuItemsHeader.tsx
FN:7,(anonymous_0)
FNF:1
FNH:1
FNDA:24,(anonymous_0)
DA:7,1
DA:8,24
LF:2
LH:2
BRDA:14,0,0,1
BRDA:14,0,1,23
BRF:2
BRH:2
end_of_record
TN:
SF:src\components\RestaurantCard.tsx
FN:5,(anonymous_0)
FN:36,(anonymous_1)
FN:37,(anonymous_2)
FNF:3
FNH:3
FNDA:91,(anonymous_0)
FNDA:10,(anonymous_1)
FNDA:41,(anonymous_2)
DA:5,2
DA:6,91
DA:10,91
DA:36,2
DA:37,10
DA:38,41
LF:6
LH:6
BRDA:6,0,0,0
BRDA:6,0,1,91
BRF:2
BRH:1
end_of_record
TN:
SF:src\components\RestaurantMenu.tsx
FN:16,(anonymous_0)
FN:25,(anonymous_1)
FN:28,(anonymous_2)
FN:49,(anonymous_3)
FN:50,(anonymous_4)
FN:61,(anonymous_5)
FN:66,(anonymous_6)
FNF:7
FNH:7
FNDA:3,(anonymous_0)
FNDA:1,(anonymous_1)
FNDA:1,(anonymous_2)
FNDA:1,(anonymous_3)
FNDA:1,(anonymous_4)
FNDA:24,(anonymous_5)
FNDA:1,(anonymous_6)
DA:16,1
DA:17,3
DA:19,3
DA:21,3
DA:23,3
DA:25,3
DA:26,1
DA:28,1
DA:29,1
DA:30,1
DA:32,1
DA:34,1
DA:35,0
DA:36,0
DA:39,1
DA:41,0
DA:42,0
DA:46,1
DA:49,3
DA:50,1
DA:53,3
DA:55,3
DA:57,2
DA:59,2
DA:62,24
DA:66,1
LF:26
LH:22
BRDA:26,0,0,0
BRDA:26,0,1,1
BRDA:34,1,0,0
BRDA:34,1,1,1
BRDA:50,2,0,0
BRDA:50,2,1,1
BRDA:53,3,0,0
BRDA:53,3,1,3
BRDA:55,4,0,1
BRDA:55,4,1,2
BRDA:57,5,0,0
BRDA:57,5,1,2
BRF:12
BRH:7
end_of_record
TN:
SF:src\components\Shimmer.tsx
FN:1,(anonymous_0)
FNF:1
FNH:1
FNDA:4,(anonymous_0)
DA:1,2
DA:2,4
LF:2
LH:2
BRF:0
BRH:0
end_of_record
TN:
SF:src\components\sum.tsx
FN:1,(anonymous_0)
FNF:1
FNH:1
FNDA:1,(anonymous_0)
DA:1,1
DA:2,1
LF:2
LH:2
BRF:0
BRH:0
end_of_record
TN:
SF:src\utils\UserContext.tsx
FNF:0
FNH:0
DA:2,2
LF:1
LH:1
BRF:0
BRH:0
end_of_record
TN:
SF:src\utils\appStore.tsx
FNF:0
FNH:0
DA:4,2
LF:1
LH:1
BRF:0
BRH:0
end_of_record
TN:
SF:src\utils\cartSlice.tsx
FN:15,(anonymous_0)
FN:20,(anonymous_1)
FN:21,(anonymous_2)
FN:23,(anonymous_3)
FN:34,(anonymous_4)
FNF:5
FNH:3
FNDA:2,(anonymous_0)
FNDA:0,(anonymous_1)
FNDA:0,(anonymous_2)
FNDA:1,(anonymous_3)
FNDA:2,(anonymous_4)
DA:7,2
DA:11,2
DA:18,2
DA:21,0
DA:27,1
DA:32,2
DA:34,2
LF:7
LH:6
BRF:0
BRH:0
end_of_record
TN:
SF:src\utils\constants.tsx
FNF:0
FNH:0
DA:2,3
LF:1
LH:1
BRF:0
BRH:0
end_of_record
TN:
SF:src\utils\fetchMenuData.tsx
FN:1,(anonymous_0)
FNF:1
FNH:1
FNDA:1,(anonymous_0)
DA:1,1
DA:2,1
DA:3,1
DA:8,1
DA:9,0
DA:12,1
DA:14,0
DA:15,0
LF:8
LH:5
BRDA:8,0,0,0
BRDA:8,0,1,1
BRF:2
BRH:1
end_of_record
TN:
SF:src\utils\fetchRestaurant.tsx
FN:1,(anonymous_0)
FNF:1
FNH:1
FNDA:3,(anonymous_0)
DA:1,1
DA:2,3
DA:3,3
DA:6,3
DA:8,0
DA:9,0
LF:6
LH:4
BRF:0
BRH:0
end_of_record
TN:
SF:src\utils\parseMenuResponse.ts
FN:3,(anonymous_0)
FN:7,(anonymous_1)
FN:16,(anonymous_2)
FN:17,(anonymous_3)
FN:25,(anonymous_4)
FN:28,(anonymous_5)
FNF:6
FNH:6
FNDA:1,(anonymous_0)
FNDA:5,(anonymous_1)
FNDA:16,(anonymous_2)
FNDA:12,(anonymous_3)
FNDA:18,(anonymous_4)
FNDA:114,(anonymous_5)
DA:3,1
DA:4,1
DA:6,1
DA:7,5
DA:11,1
DA:13,1
DA:15,1
DA:16,16
DA:18,12
DA:20,12
DA:23,12
DA:25,18
DA:28,12
DA:29,114
DA:33,114
DA:43,12
LF:16
LH:16
BRDA:13,0,0,0
BRDA:13,0,1,1
BRDA:23,1,0,12
BRDA:23,1,1,12
BRDA:23,1,2,7
BRDA:23,1,3,0
BRDA:29,2,0,114
BRDA:29,2,1,0
BRF:8
BRH:5
end_of_record
TN:
SF:src\utils\useOnlineStatus.tsx
FN:3,(anonymous_0)
FN:7,(anonymous_1)
FN:8,(anonymous_2)
FN:11,(anonymous_3)
FNF:4
FNH:2
FNDA:9,(anonymous_0)
FNDA:3,(anonymous_1)
FNDA:0,(anonymous_2)
FNDA:0,(anonymous_3)
DA:3,1
DA:4,9
DA:7,9
DA:8,3
DA:9,0
DA:11,3
DA:12,0
DA:17,9
LF:8
LH:6
BRF:0
BRH:0
end_of_record
